Arguments: 
  C:\Program Files\nodejs\node.exe C:\Program Files (x86)\Yarn\bin\yarn.js init

PATH: 
  C:\Users\giova\bin;C:\Program Files\Git\mingw64\bin;C:\Program Files\Git\usr\local\bin;C:\Program Files\Git\usr\bin;C:\Program Files\Git\usr\bin;C:\Program Files\Git\mingw64\bin;C:\Program Files\Git\usr\bin;C:\Users\giova\bin;C:\Python27;C:\Python27\Scripts;C:\Program Files (x86)\Common Files\Oracle\Java\javapath;C:\Windows\system32;C:\Windows;C:\Windows\System32\Wbem;C:\Windows\System32\WindowsPowerShell\v1.0;C:\Windows\System32\OpenSSH;C:\Program Files (x86)\NVIDIA Corporation\PhysX\Common;C:\Program Files\Intel\WiFi\bin;C:\Program Files\Common Files\Intel\WirelessCommon;C:\Users\giova\AppData\Local\Microsoft\WindowsApps;C:\Users\giova\AppData\Local\Programs\Microsoft VS Code\bin;C:\adb;C:\Users\giova\Downloads\ColorTool;C:\Program Files\MongoDB\Server\4.0\bin;C:\Program Files\Git\usr\bin;C:\Program Files\Sublime Text 3;C:\Users\giova\AppData\Local\Postman;C:\Program Files (x86)\BraveSoftware\Brave-Browser\Application;C:\Program Files\Robo 3T 1.3.1;C:\Program Files (x86)\SAP\FrontEnd\SapGui;C:\ProgramData\chocolatey\bin;C:\Program Files\Microsoft VS Code\bin;C:\Users\giova\AppData\Local\insomnia\app-7.1.1;C:\Program Files\nodejs;C:\Program Files (x86)\Yarn\bin;C:\Android\sdk\emulator;C:\Android\sdk\tools;C:\Android\sdk\tools\bin;C:\Android\sdk\platform-tools;C:\Users\giova\AppData\Roaming\npm;C:\Users\giova\AppData\Local\Yarn\bin;C:\Program Files\Git\usr\bin\vendor_perl;C:\Program Files\Git\usr\bin\core_perl

Yarn version: 
  1.22.4

Node version: 
  12.17.0

Platform: 
  win32 x64

Trace: 
  Error: canceled
      at Interface.<anonymous> (C:\Program Files (x86)\Yarn\lib\cli.js:137008:13)
      at Interface.emit (events.js:315:20)
      at Interface._ttyWrite (readline.js:866:16)
      at ReadStream.onkeypress (readline.js:205:10)
      at ReadStream.emit (events.js:315:20)
      at emitKeys (internal/readline/utils.js:335:14)
      at emitKeys.next (<anonymous>)
      at ReadStream.onData (readline.js:1133:36)
      at ReadStream.emit (events.js:315:20)
      at addChunk (_stream_readable.js:295:12)

npm manifest: 
  No manifest

yarn manifest: 
  No manifest

Lockfile: 
  No lockfile
